Determining if the pthread_create exist failed with the following output:
Change Dir: /home/yuhaolan/src/test/CMakeFiles/CMakeTmp

Run Build Command:"/usr/bin/make" "cmTryCompileExec982377341/fast"
/usr/bin/make -f CMakeFiles/cmTryCompileExec982377341.dir/build.make CMakeFiles/cmTryCompileExec982377341.dir/build
make[1]: Entering directory `/home/yuhaolan/src/test/CMakeFiles/CMakeTmp'
/usr/local/bin/cmake -E cmake_progress_report /home/yuhaolan/src/test/CMakeFiles/CMakeTmp/CMakeFiles 1
Building C object CMakeFiles/cmTryCompileExec982377341.dir/CheckSymbolExists.c.o
/usr/bin/cc    -o CMakeFiles/cmTryCompileExec982377341.dir/CheckSymbolExists.c.o   -c /home/yuhaolan/src/test/CMakeFiles/CMakeTmp/CheckSymbolExists.c
Linking C executable cmTryCompileExec982377341
/usr/local/bin/cmake -E cmake_link_script CMakeFiles/cmTryCompileExec982377341.dir/link.txt --verbose=1
/usr/bin/cc       CMakeFiles/cmTryCompileExec982377341.dir/CheckSymbolExists.c.o  -o cmTryCompileExec982377341 -rdynamic 
CMakeFiles/cmTryCompileExec982377341.dir/CheckSymbolExists.c.o: In function `main':
CheckSymbolExists.c:(.text+0x16): undefined reference to `pthread_create'
make[1]: Leaving directory `/home/yuhaolan/src/test/CMakeFiles/CMakeTmp'
collect2: error: ld returned 1 exit status
make[1]: *** [cmTryCompileExec982377341] Error 1
make: *** [cmTryCompileExec982377341/fast] Error 2

File /home/yuhaolan/src/test/CMakeFiles/CMakeTmp/CheckSymbolExists.c:
/* */
#include <pthread.h>

int main(int argc, char** argv)
{
  (void)argv;
#ifndef pthread_create
  return ((int*)(&pthread_create))[argc];
#else
  (void)argc;
  return 0;
#endif
}

Determining if the function pthread_create exists in the pthreads failed with the following output:
Change Dir: /home/yuhaolan/src/test/CMakeFiles/CMakeTmp

Run Build Command:"/usr/bin/make" "cmTryCompileExec237648715/fast"
/usr/bin/make -f CMakeFiles/cmTryCompileExec237648715.dir/build.make CMakeFiles/cmTryCompileExec237648715.dir/build
make[1]: Entering directory `/home/yuhaolan/src/test/CMakeFiles/CMakeTmp'
/usr/local/bin/cmake -E cmake_progress_report /home/yuhaolan/src/test/CMakeFiles/CMakeTmp/CMakeFiles 1
Building C object CMakeFiles/cmTryCompileExec237648715.dir/CheckFunctionExists.c.o
/usr/bin/cc   -DCHECK_FUNCTION_EXISTS=pthread_create   -o CMakeFiles/cmTryCompileExec237648715.dir/CheckFunctionExists.c.o   -c /usr/local/share/cmake-3.2/Modules/CheckFunctionExists.c
Linking C executable cmTryCompileExec237648715
/usr/local/bin/cmake -E cmake_link_script CMakeFiles/cmTryCompileExec237648715.dir/link.txt --verbose=1
/usr/bin/cc   -DCHECK_FUNCTION_EXISTS=pthread_create    CMakeFiles/cmTryCompileExec237648715.dir/CheckFunctionExists.c.o  -o cmTryCompileExec237648715 -rdynamic -lpthreads 
/usr/bin/ld: cannot find -lpthreads
make[1]: Leaving directory `/home/yuhaolan/src/test/CMakeFiles/CMakeTmp'
collect2: error: ld returned 1 exit status
make[1]: *** [cmTryCompileExec237648715] Error 1
make: *** [cmTryCompileExec237648715/fast] Error 2


